#
# A fatal error has been detected by the Java Runtime Environment:
#
#  EXCEPTION_UNCAUGHT_CXX_EXCEPTION (0xe06d7363) at pc=0x00007ffbc822478c, pid=2464, tid=12092
#
# JRE version: Java(TM) SE Runtime Environment (16.0.2+7) (build 16.0.2+7-67)
# Java VM: Java HotSpot(TM) 64-Bit Server VM (16.0.2+7-67, mixed mode, sharing, tiered, compressed oops, compressed class ptrs, g1 gc, windows-amd64)
# Problematic frame:
# C  [KERNELBASE.dll+0x4478c]
#
# No core dump will be written. Minidumps are not enabled by default on client versions of Windows
#
# If you would like to submit a bug report, please visit:
#   https://bugreport.java.com/bugreport/crash.jsp
# The crash happened outside the Java Virtual Machine in native code.
# See problematic frame for where to report the bug.
#

---------------  S U M M A R Y ------------

Command Line: -agentlib:jdwp=transport=dt_socket,address=127.0.0.1:51964,suspend=y,server=n -javaagent:C:/Users/ricar/.gradle/caches/modules-2/files-2.1/org.jetbrains.kotlinx/kotlinx-coroutines-core-jvm/1.5.0/d8cebccdcddd029022aa8646a5a953ff88b13ac8/kotlinx-coroutines-core-jvm-1.5.0.jar -javaagent:C:\Users\ricar\AppData\Local\JetBrains\IntelliJIdea2021.3\captureAgent\debugger-agent.jar -Dfile.encoding=UTF-8 MainKt

Host: Intel(R) Core(TM) i7-8565U CPU @ 1.80GHz, 8 cores, 7G,  Windows 10 , 64 bit Build 22000 (10.0.22000.318)
Time: Tue Dec 28 16:19:42 2021 GMT Standard Time elapsed time: 6.877106 seconds (0d 0h 0m 6s)

---------------  T H R E A D  ---------------

Current thread (0x000002b4b62ac070):  JavaThread "AWT-EventQueue-0" [_thread_in_native, id=12092, stack(0x000000ed68e00000,0x000000ed68f00000)]

Stack: [0x000000ed68e00000,0x000000ed68f00000],  sp=0x000000ed68efe140,  free space=1016k
Native frames: (J=compiled Java code, j=interpreted, Vv=VM code, C=native code)
C  [KERNELBASE.dll+0x4478c]
C  [skiko-windows-x64.dll+0xb271dc]

Java frames: (J=compiled Java code, j=interpreted, Vv=VM code)
j  org.jetbrains.skiko.redrawer.Direct3DRedrawer.initSwapChain(J)V+0
j  org.jetbrains.skiko.context.Direct3DContextHandler.initCanvas()V+88
j  org.jetbrains.skiko.SkiaLayer.prepareDrawContext$skiko()Z+92
j  org.jetbrains.skiko.redrawer.Direct3DRedrawer.draw(Lkotlin/coroutines/Continuation;)Ljava/lang/Object;+4
j  org.jetbrains.skiko.redrawer.Direct3DRedrawer.access$draw(Lorg/jetbrains/skiko/redrawer/Direct3DRedrawer;Lkotlin/coroutines/Continuation;)Ljava/lang/Object;+2
j  org.jetbrains.skiko.redrawer.Direct3DRedrawer$frameDispatcher$1.invokeSuspend(Ljava/lang/Object;)Ljava/lang/Object;+59
j  org.jetbrains.skiko.redrawer.Direct3DRedrawer$frameDispatcher$1.invoke(Lkotlin/coroutines/Continuation;)Ljava/lang/Object;+11
j  org.jetbrains.skiko.redrawer.Direct3DRedrawer$frameDispatcher$1.invoke(Ljava/lang/Object;)Ljava/lang/Object;+5
j  org.jetbrains.skiko.FrameDispatcher$job$1.invokeSuspend(Ljava/lang/Object;)Ljava/lang/Object;+100
j  kotlin.coroutines.jvm.internal.BaseContinuationImpl.resumeWith(Ljava/lang/Object;)V+46
j  kotlinx.coroutines.DispatchedTask.run()V+350
j  java.awt.event.InvocationEvent.dispatch$$$capture()V+47 java.desktop@16.0.2
j  java.awt.event.InvocationEvent.dispatch()V+5 java.desktop@16.0.2
j  java.awt.EventQueue.dispatchEventImpl(Ljava/awt/AWTEvent;Ljava/lang/Object;)V+21 java.desktop@16.0.2
j  java.awt.EventQueue$4.run()Ljava/lang/Void;+32 java.desktop@16.0.2
j  java.awt.EventQueue$4.run()Ljava/lang/Object;+1 java.desktop@16.0.2
J 1114 c1 java.security.AccessController.executePrivileged(Ljava/security/PrivilegedAction;Ljava/security/AccessControlContext;Ljava/lang/Class;)Ljava/lang/Object; java.base@16.0.2 (65 bytes) @ 0x000002b49eebe9d4 [0x000002b49eebe860+0x0000000000000174]
j  java.security.AccessController.doPrivileged(Ljava/security/PrivilegedAction;Ljava/security/AccessControlContext;)Ljava/lang/Object;+13 java.base@16.0.2
j  java.security.ProtectionDomain$JavaSecurityAccessImpl.doIntersectionPrivilege(Ljava/security/PrivilegedAction;Ljava/security/AccessControlContext;Ljava/security/AccessControlContext;)Ljava/lang/Object;+18 java.base@16.0.2
j  java.awt.EventQueue.dispatchEvent(Ljava/awt/AWTEvent;)V+46 java.desktop@16.0.2
j  java.awt.EventDispatchThread.pumpOneEventForFilters(I)V+78 java.desktop@16.0.2
j  java.awt.EventDispatchThread.pumpEventsForFilter(ILjava/awt/Conditional;Ljava/awt/EventFilter;)V+35 java.desktop@16.0.2
j  java.awt.EventDispatchThread.pumpEventsForHierarchy(ILjava/awt/Conditional;Ljava/awt/Component;)V+11 java.desktop@16.0.2
j  java.awt.EventDispatchThread.pumpEvents(ILjava/awt/Conditional;)V+4 java.desktop@16.0.2
j  java.awt.EventDispatchThread.pumpEvents(Ljava/awt/Conditional;)V+3 java.desktop@16.0.2
j  java.awt.EventDispatchThread.run()V+9 java.desktop@16.0.2
v  ~StubRoutines::call_stub

siginfo: EXCEPTION_UNCAUGHT_CXX_EXCEPTION (0xe06d7363), ExceptionInformation=0x0000000019930520 0x000000ed68efe2c8 0x00007ffb5dd86138 0x00007ffb5cf60000 


Register to memory mapping:

RIP=0x00007ffbc822478c KERNELBASE.dll
RAX=0x000000ed68efd4f0 is pointing into the stack for thread: 0x000002b4b62ac070
RBX=0x00007ffb5dd86138 skiko-windows-x64.dll
RCX=0x000000ed00000002 is an unknown value
RDX=0x000000ed68efd9b8 is pointing into the stack for thread: 0x000002b4b62ac070
RSP=0x000000ed68efe140 is pointing into the stack for thread: 0x000002b4b62ac070
RBP=0x000000ed68efe2d9 is pointing into the stack for thread: 0x000002b4b62ac070
RSI=0x000000ed68efe2c8 is pointing into the stack for thread: 0x000002b4b62ac070
RDI=0x0000000019930520 is an unknown value
R8 =0x000000ed68efe3f0 is pointing into the stack for thread: 0x000002b4b62ac070
R9 ={method} {0x000002b4b9312fb8} 'initSwapChain' '(J)V' in 'org/jetbrains/skiko/redrawer/Direct3DRedrawer'
R10=0x0 is NULL
R11=0x00007ffb5ddab2d0 skiko-windows-x64.dll
R12=0x0 is NULL
R13={method} {0x000002b4b9312fb8} 'initSwapChain' '(J)V' in 'org/jetbrains/skiko/redrawer/Direct3DRedrawer'
R14=0x000000ed68efe3f0 is pointing into the stack for thread: 0x000002b4b62ac070
R15=0x000002b4b62ac070 is a thread


Registers:
RAX=0x000000ed68efd4f0, RBX=0x00007ffb5dd86138, RCX=0x000000ed00000002, RDX=0x000000ed68efd9b8
RSP=0x000000ed68efe140, RBP=0x000000ed68efe2d9, RSI=0x000000ed68efe2c8, RDI=0x0000000019930520
R8 =0x000000ed68efe3f0, R9 =0x000002b4b9312fb0, R10=0x0000000000000000, R11=0x00007ffb5ddab2d0
R12=0x0000000000000000, R13=0x000002b4b9312fb0, R14=0x000000ed68efe3f0, R15=0x000002b4b62ac070
RIP=0x00007ffbc822478c, EFLAGS=0x0000000000000202

Top of Stack: (sp=0x000000ed68efe140)
0x000000ed68efe140:   0000000000000000 00007ffb5dd86138
0x000000ed68efe150:   000000ed68efe2c8 0000000000000000
0x000000ed68efe160:   00000081e06d7363 0000000000000000
0x000000ed68efe170:   00007ffbc822478c 0000000000000004
0x000000ed68efe180:   0000000019930520 000000ed68efe2c8
0x000000ed68efe190:   00007ffb5dd86138 00007ffb5cf60000
0x000000ed68efe1a0:   0000000100000000 00007ffbc15a69af
0x000000ed68efe1b0:   0000000000000002 00000000005e09c2
0x000000ed68efe1c0:   000000ed68efe3f0 00007ffbcaa7a4af
0x000000ed68efe1d0:   000000ed68efe240 00007ffb5ddb6000
0x000000ed68efe1e0:   000000ed68efe2c8 0000000019930520
0x000000ed68efe1f0:   00007ffb5ddb6000 00007ffb5cf60000
0x000000ed68efe200:   0000df330538b9d6 0000000200000020
0x000000ed68efe210:   00007ffb5dd86138 00007ffb5da871dc
0x000000ed68efe220:   0000000100000000 000002b4bb09a070
0x000000ed68efe230:   00007a83fa774719 000000ed68efe3f0 

Instructions: (pc=0x00007ffbc822478c)
0x00007ffbc822468c:   48 21 75 48 4c 8d 45 48 41 b9 08 00 00 00 49 8b
0x00007ffbc822469c:   cd 41 8d 51 fd 48 ff 15 c8 89 1f 00 0f 1f 44 00
0x00007ffbc82246ac:   00 8b f8 85 c0 78 86 be 01 00 00 00 e9 18 ff ff
0x00007ffbc82246bc:   ff 85 f6 74 21 41 b9 08 00 00 00 4c 8d 45 38 49
0x00007ffbc82246cc:   8b cd 41 8d 51 fd 48 ff 15 97 89 1f 00 0f 1f 44
0x00007ffbc82246dc:   00 00 48 8b 4d 38 48 ff 15 af 83 1f 00 0f 1f 44
0x00007ffbc82246ec:   00 00 e9 4f ff ff ff cc cc cc cc cc 71 e1 d3 32
0x00007ffbc82246fc:   5b 07 d5 dd 65 48 8b 04 25 30 00 00 00 8b 40 68
0x00007ffbc822470c:   c3 cc cc cc cc cc cc cc cc cc cc cc 71 18 d3 7a
0x00007ffbc822471c:   1a 87 89 f9 48 81 ec d8 00 00 00 48 8b 05 22 38
0x00007ffbc822472c:   2e 00 48 33 c4 48 89 84 24 c0 00 00 00 48 83 64
0x00007ffbc822473c:   24 28 00 48 8d 05 da ff ff ff 83 e2 01 89 4c 24
0x00007ffbc822474c:   20 89 54 24 24 48 89 44 24 30 4d 85 c9 74 4f b8
0x00007ffbc822475c:   0f 00 00 00 48 8d 4c 24 40 44 3b c0 49 8b d1 41
0x00007ffbc822476c:   0f 46 c0 44 8b c0 44 89 44 24 38 49 c1 e0 03 e8
0x00007ffbc822477c:   37 38 07 00 48 8d 4c 24 20 48 ff 15 2c 84 1f 00
0x00007ffbc822478c:   0f 1f 44 00 00 48 8b 8c 24 c0 00 00 00 48 33 cc
0x00007ffbc822479c:   e8 6f b1 06 00 48 81 c4 d8 00 00 00 c3 cc 83 64
0x00007ffbc82247ac:   24 38 00 eb cf cc cc cc cc cc cc cc 71 c2 5b 1e
0x00007ffbc82247bc:   ed 06 b0 d2 48 89 5c 24 10 55 56 57 41 54 41 55
0x00007ffbc82247cc:   41 56 41 57 48 81 ec a0 03 00 00 48 8d 6c 24 50
0x00007ffbc82247dc:   48 83 e5 e0 48 8b 05 69 37 2e 00 48 33 c4 48 89
0x00007ffbc82247ec:   85 40 03 00 00 44 8b ea 44 89 45 2c 33 d2 48 89
0x00007ffbc82247fc:   4d 10 41 8b c1 48 8b d9 89 45 04 8b fa 48 85 c9
0x00007ffbc822480c:   0f 84 8c 2d 09 00 85 c0 0f 84 c7 03 00 00 45 85
0x00007ffbc822481c:   ed 8d 5a 37 41 0f 45 dd f7 c3 c8 ff ff ff 0f 85
0x00007ffbc822482c:   b4 31 09 00 44 8b e2 8d 72 01 8b ca 44 8b f3 41
0x00007ffbc822483c:   c1 ee 02 44 23 f6 f6 c3 21 41 0f 95 c4 f6 c3 11
0x00007ffbc822484c:   44 89 65 1c 0f 95 c1 44 89 65 28 89 4d 00 89 4d
0x00007ffbc822485c:   20 89 4d 24 45 85 e4 74 37 e8 d6 de ff ff 48 8b
0x00007ffbc822486c:   78 10 e8 e9 ab ff ff 33 d2 4c 8b f8 48 85 ff 74
0x00007ffbc822487c:   0f 44 8b 5f 4c 41 0f ba e3 10 0f 82 1c 2d 09 00 


Stack slot to memory mapping:
stack at sp + 0 slots: 0x0 is NULL
stack at sp + 1 slots: 0x00007ffb5dd86138 skiko-windows-x64.dll
stack at sp + 2 slots: 0x000000ed68efe2c8 is pointing into the stack for thread: 0x000002b4b62ac070
stack at sp + 3 slots: 0x0 is NULL
stack at sp + 4 slots: 0x00000081e06d7363 is an unknown value
stack at sp + 5 slots: 0x0 is NULL
stack at sp + 6 slots: 0x00007ffbc822478c KERNELBASE.dll
stack at sp + 7 slots: 0x0000000000000004 is an unknown value


---------------  P R O C E S S  ---------------

Threads class SMR info:
_java_thread_list=0x000002b4bb082400, length=21, elements={
0x000002b496fac830, 0x000002b4b4f2a510, 0x000002b4b4f2b3d0, 0x000002b4b4f3bde0,
0x000002b4b4f3c7e0, 0x000002b4b4f3d1e0, 0x000002b4b4f3dbe0, 0x000002b4b4f3e9c0,
0x000002b4b4f3f4b0, 0x000002b4b4f43f10, 0x000002b4b4f0a360, 0x000002b4b5a48350,
0x000002b4b5d5bba0, 0x000002b4b5cfcdb0, 0x000002b4b63397e0, 0x000002b4b6005850,
0x000002b4b62ac070, 0x000002b4b64fe650, 0x000002b4baa3b230, 0x000002b4baeedf50,
0x000002b4baa57520
}

Java Threads: ( => current thread )
  0x000002b496fac830 JavaThread "main" [_thread_blocked, id=10040, stack(0x000000ed67400000,0x000000ed67500000)]
  0x000002b4b4f2a510 JavaThread "Reference Handler" daemon [_thread_blocked, id=25320, stack(0x000000ed67b00000,0x000000ed67c00000)]
  0x000002b4b4f2b3d0 JavaThread "Finalizer" daemon [_thread_blocked, id=28848, stack(0x000000ed67c00000,0x000000ed67d00000)]
  0x000002b4b4f3bde0 JavaThread "Signal Dispatcher" daemon [_thread_blocked, id=10060, stack(0x000000ed67d00000,0x000000ed67e00000)]
  0x000002b4b4f3c7e0 JavaThread "Attach Listener" daemon [_thread_blocked, id=26676, stack(0x000000ed67e00000,0x000000ed67f00000)]
  0x000002b4b4f3d1e0 JavaThread "Service Thread" daemon [_thread_blocked, id=28616, stack(0x000000ed67f00000,0x000000ed68000000)]
  0x000002b4b4f3dbe0 JavaThread "Monitor Deflation Thread" daemon [_thread_blocked, id=25976, stack(0x000000ed68000000,0x000000ed68100000)]
  0x000002b4b4f3e9c0 JavaThread "C2 CompilerThread0" daemon [_thread_blocked, id=10480, stack(0x000000ed68100000,0x000000ed68200000)]
  0x000002b4b4f3f4b0 JavaThread "C1 CompilerThread0" daemon [_thread_blocked, id=30788, stack(0x000000ed68200000,0x000000ed68300000)]
  0x000002b4b4f43f10 JavaThread "Sweeper thread" daemon [_thread_blocked, id=17968, stack(0x000000ed68300000,0x000000ed68400000)]
  0x000002b4b4f0a360 JavaThread "Common-Cleaner" daemon [_thread_blocked, id=26136, stack(0x000000ed68400000,0x000000ed68500000)]
  0x000002b4b5a48350 JavaThread "JDWP Event Helper Thread" daemon [_thread_blocked, id=31148, stack(0x000000ed68600000,0x000000ed68700000)]
  0x000002b4b5d5bba0 JavaThread "Coroutines Debugger Cleaner" daemon [_thread_blocked, id=27540, stack(0x000000ed68900000,0x000000ed68a00000)]
  0x000002b4b5cfcdb0 JavaThread "Notification Thread" daemon [_thread_blocked, id=27272, stack(0x000000ed68a00000,0x000000ed68b00000)]
  0x000002b4b63397e0 JavaThread "Java2D Disposer" daemon [_thread_blocked, id=21236, stack(0x000000ed68800000,0x000000ed68900000)]
  0x000002b4b6005850 JavaThread "AWT-Shutdown" [_thread_blocked, id=11124, stack(0x000000ed68c00000,0x000000ed68d00000)]
=>0x000002b4b62ac070 JavaThread "AWT-EventQueue-0" [_thread_in_native, id=12092, stack(0x000000ed68e00000,0x000000ed68f00000)]
  0x000002b4b64fe650 JavaThread "Cleaner-0" daemon [_thread_blocked, id=13256, stack(0x000000ed69600000,0x000000ed69700000)]
  0x000002b4baa3b230 JavaThread "C2 CompilerThread1" daemon [_thread_blocked, id=31104, stack(0x000000ed69700000,0x000000ed69800000)]
  0x000002b4baeedf50 JavaThread "C2 CompilerThread2" daemon [_thread_blocked, id=26320, stack(0x000000ed69800000,0x000000ed69900000)]
  0x000002b4baa57520 JavaThread "SIGINT handler" daemon [_thread_blocked, id=28704, stack(0x000000ed69b00000,0x000000ed69c00000)]

Other Threads:
  0x000002b4b4f240a0 VMThread "VM Thread" [stack: 0x000000ed67a00000,0x000000ed67b00000] [id=10052]
  0x000002b496fad500 WatcherThread [stack: 0x000000ed68b00000,0x000000ed68c00000] [id=31304]
  0x000002b496fecfa0 GCTaskThread "GC Thread#0" [stack: 0x000000ed67500000,0x000000ed67600000] [id=32744]
  0x000002b4b6376000 GCTaskThread "GC Thread#1" [stack: 0x000000ed68f00000,0x000000ed69000000] [id=21596]
  0x000002b4b6397530 GCTaskThread "GC Thread#2" [stack: 0x000000ed69000000,0x000000ed69100000] [id=30760]
  0x000002b4b6397840 GCTaskThread "GC Thread#3" [stack: 0x000000ed69100000,0x000000ed69200000] [id=16044]
  0x000002b4b635f490 GCTaskThread "GC Thread#4" [stack: 0x000000ed69200000,0x000000ed69300000] [id=2904]
  0x000002b4b635f7a0 GCTaskThread "GC Thread#5" [stack: 0x000000ed69300000,0x000000ed69400000] [id=13972]
  0x000002b4b63602c0 GCTaskThread "GC Thread#6" [stack: 0x000000ed69400000,0x000000ed69500000] [id=12272]
  0x000002b4b63605d0 GCTaskThread "GC Thread#7" [stack: 0x000000ed69500000,0x000000ed69600000] [id=16564]
  0x000002b496ffdb20 ConcurrentGCThread "G1 Main Marker" [stack: 0x000000ed67600000,0x000000ed67700000] [id=29736]
  0x000002b496ffe590 ConcurrentGCThread "G1 Conc#0" [stack: 0x000000ed67700000,0x000000ed67800000] [id=10936]
  0x000002b49707d190 ConcurrentGCThread "G1 Refine#0" [stack: 0x000000ed67800000,0x000000ed67900000] [id=12924]
  0x000002b49707dc10 ConcurrentGCThread "G1 Service" [stack: 0x000000ed67900000,0x000000ed67a00000] [id=32096]

Threads with active compile tasks:

VM state: not at safepoint (normal execution)

VM Mutex/Monitor currently owned by a thread: None

Heap address: 0x0000000082600000, size: 2010 MB, Compressed Oops mode: 32-bit

CDS archive(s) mapped at: [0x0000000800000000-0x0000000800bb0000-0x0000000800bb0000), size 12255232, SharedBaseAddress: 0x0000000800000000, ArchiveRelocationMode: 0.
Compressed class space mapped at: 0x0000000800c00000-0x0000000840c00000, reserved size: 1073741824
Narrow klass base: 0x0000000800000000, Narrow klass shift: 3, Narrow klass range: 0x100000000

GC Precious Log:
 CPUs: 8 total, 8 available
 Memory: 8037M
 Large Page Support: Disabled
 NUMA Support: Disabled
 Compressed Oops: Enabled (32-bit)
 Heap Region Size: 1M
 Heap Min Capacity: 8M
 Heap Initial Capacity: 126M
 Heap Max Capacity: 2010M
 Pre-touch: Disabled
 Parallel Workers: 8
 Concurrent Workers: 2
 Concurrent Refinement Workers: 8
 Periodic GC: Disabled

Heap:
 garbage-first heap   total 129024K, used 25743K [0x0000000082600000, 0x0000000100000000)
  region size 1024K, 23 young (23552K), 2 survivors (2048K)
 Metaspace       used 16507K, committed 16768K, reserved 1064960K
  class space    used 1682K, committed 1792K, reserved 1048576K

Heap Regions: E=young(eden), S=young(survivor), O=old, HS=humongous(starts), HC=humongous(continues), CS=collection set, F=free, OA=open archive, CA=closed archive, TAMS=top-at-mark-start (previous, next)
|   0|0x0000000082600000, 0x0000000082700000, 0x0000000082700000|100%| O|  |TAMS 0x0000000082600000, 0x0000000082600000| Untracked 
|   1|0x0000000082700000, 0x0000000082800000, 0x0000000082800000|100%| O|  |TAMS 0x0000000082700000, 0x0000000082700000| Untracked 
|   2|0x0000000082800000, 0x0000000082800000, 0x0000000082900000|  0%| F|  |TAMS 0x0000000082800000, 0x0000000082800000| Untracked 
|   3|0x0000000082900000, 0x0000000082900000, 0x0000000082a00000|  0%| F|  |TAMS 0x0000000082900000, 0x0000000082900000| Untracked 
|   4|0x0000000082a00000, 0x0000000082a00000, 0x0000000082b00000|  0%| F|  |TAMS 0x0000000082a00000, 0x0000000082a00000| Untracked 
|   5|0x0000000082b00000, 0x0000000082c00000, 0x0000000082c00000|100%| O|  |TAMS 0x0000000082b00000, 0x0000000082b00000| Untracked 
|   6|0x0000000082c00000, 0x0000000082cda200, 0x0000000082d00000| 85%| O|  |TAMS 0x0000000082c00000, 0x0000000082c00000| Untracked 
|   7|0x0000000082d00000, 0x0000000082d00000, 0x0000000082e00000|  0%| F|  |TAMS 0x0000000082d00000, 0x0000000082d00000| Untracked 
|   8|0x0000000082e00000, 0x0000000082e00000, 0x0000000082f00000|  0%| F|  |TAMS 0x0000000082e00000, 0x0000000082e00000| Untracked 
|   9|0x0000000082f00000, 0x0000000082f00000, 0x0000000083000000|  0%| F|  |TAMS 0x0000000082f00000, 0x0000000082f00000| Untracked 
|  10|0x0000000083000000, 0x0000000083000000, 0x0000000083100000|  0%| F|  |TAMS 0x0000000083000000, 0x0000000083000000| Untracked 
|  11|0x0000000083100000, 0x0000000083100000, 0x0000000083200000|  0%| F|  |TAMS 0x0000000083100000, 0x0000000083100000| Untracked 
|  12|0x0000000083200000, 0x0000000083200000, 0x0000000083300000|  0%| F|  |TAMS 0x0000000083200000, 0x0000000083200000| Untracked 
|  13|0x0000000083300000, 0x0000000083300000, 0x0000000083400000|  0%| F|  |TAMS 0x0000000083300000, 0x0000000083300000| Untracked 
|  14|0x0000000083400000, 0x0000000083400000, 0x0000000083500000|  0%| F|  |TAMS 0x0000000083400000, 0x0000000083400000| Untracked 
|  15|0x0000000083500000, 0x0000000083500000, 0x0000000083600000|  0%| F|  |TAMS 0x0000000083500000, 0x0000000083500000| Untracked 
|  16|0x0000000083600000, 0x0000000083600000, 0x0000000083700000|  0%| F|  |TAMS 0x0000000083600000, 0x0000000083600000| Untracked 
|  17|0x0000000083700000, 0x0000000083700000, 0x0000000083800000|  0%| F|  |TAMS 0x0000000083700000, 0x0000000083700000| Untracked 
|  18|0x0000000083800000, 0x0000000083800000, 0x0000000083900000|  0%| F|  |TAMS 0x0000000083800000, 0x0000000083800000| Untracked 
|  19|0x0000000083900000, 0x0000000083900000, 0x0000000083a00000|  0%| F|  |TAMS 0x0000000083900000, 0x0000000083900000| Untracked 
|  20|0x0000000083a00000, 0x0000000083a00000, 0x0000000083b00000|  0%| F|  |TAMS 0x0000000083a00000, 0x0000000083a00000| Untracked 
|  21|0x0000000083b00000, 0x0000000083b00000, 0x0000000083c00000|  0%| F|  |TAMS 0x0000000083b00000, 0x0000000083b00000| Untracked 
|  22|0x0000000083c00000, 0x0000000083c00000, 0x0000000083d00000|  0%| F|  |TAMS 0x0000000083c00000, 0x0000000083c00000| Untracked 
|  23|0x0000000083d00000, 0x0000000083d00000, 0x0000000083e00000|  0%| F|  |TAMS 0x0000000083d00000, 0x0000000083d00000| Untracked 
|  24|0x0000000083e00000, 0x0000000083e00000, 0x0000000083f00000|  0%| F|  |TAMS 0x0000000083e00000, 0x0000000083e00000| Untracked 
|  25|0x0000000083f00000, 0x0000000083f00000, 0x0000000084000000|  0%| F|  |TAMS 0x0000000083f00000, 0x0000000083f00000| Untracked 
|  26|0x0000000084000000, 0x0000000084000000, 0x0000000084100000|  0%| F|  |TAMS 0x0000000084000000, 0x0000000084000000| Untracked 
|  27|0x0000000084100000, 0x0000000084100000, 0x0000000084200000|  0%| F|  |TAMS 0x0000000084100000, 0x0000000084100000| Untracked 
|  28|0x0000000084200000, 0x0000000084200000, 0x0000000084300000|  0%| F|  |TAMS 0x0000000084200000, 0x0000000084200000| Untracked 
|  29|0x0000000084300000, 0x0000000084300000, 0x0000000084400000|  0%| F|  |TAMS 0x0000000084300000, 0x0000000084300000| Untracked 
|  30|0x0000000084400000, 0x0000000084400000, 0x0000000084500000|  0%| F|  |TAMS 0x0000000084400000, 0x0000000084400000| Untracked 
|  31|0x0000000084500000, 0x0000000084500000, 0x0000000084600000|  0%| F|  |TAMS 0x0000000084500000, 0x0000000084500000| Untracked 
|  32|0x0000000084600000, 0x0000000084600000, 0x0000000084700000|  0%| F|  |TAMS 0x0000000084600000, 0x0000000084600000| Untracked 
|  33|0x0000000084700000, 0x0000000084700000, 0x0000000084800000|  0%| F|  |TAMS 0x0000000084700000, 0x0000000084700000| Untracked 
|  34|0x0000000084800000, 0x0000000084800000, 0x0000000084900000|  0%| F|  |TAMS 0x0000000084800000, 0x0000000084800000| Untracked 
|  35|0x0000000084900000, 0x0000000084900000, 0x0000000084a00000|  0%| F|  |TAMS 0x0000000084900000, 0x0000000084900000| Untracked 
|  36|0x0000000084a00000, 0x0000000084a00000, 0x0000000084b00000|  0%| F|  |TAMS 0x0000000084a00000, 0x0000000084a00000| Untracked 
|  37|0x0000000084b00000, 0x0000000084b00000, 0x0000000084c00000|  0%| F|  |TAMS 0x0000000084b00000, 0x0000000084b00000| Untracked 
|  38|0x0000000084c00000, 0x0000000084c00000, 0x0000000084d00000|  0%| F|  |TAMS 0x0000000084c00000, 0x0000000084c00000| Untracked 
|  39|0x0000000084d00000, 0x0000000084d00000, 0x0000000084e00000|  0%| F|  |TAMS 0x0000000084d00000, 0x0000000084d00000| Untracked 
|  40|0x0000000084e00000, 0x0000000084e00000, 0x0000000084f00000|  0%| F|  |TAMS 0x0000000084e00000, 0x0000000084e00000| Untracked 
|  41|0x0000000084f00000, 0x0000000084f00000, 0x0000000085000000|  0%| F|  |TAMS 0x0000000084f00000, 0x0000000084f00000| Untracked 
|  42|0x0000000085000000, 0x0000000085000000, 0x0000000085100000|  0%| F|  |TAMS 0x0000000085000000, 0x0000000085000000| Untracked 
|  43|0x0000000085100000, 0x0000000085100000, 0x0000000085200000|  0%| F|  |TAMS 0x0000000085100000, 0x0000000085100000| Untracked 
|  44|0x0000000085200000, 0x0000000085200000, 0x0000000085300000|  0%| F|  |TAMS 0x0000000085200000, 0x0000000085200000| Untracked 
|  45|0x0000000085300000, 0x0000000085300000, 0x0000000085400000|  0%| F|  |TAMS 0x0000000085300000, 0x0000000085300000| Untracked 
|  46|0x0000000085400000, 0x0000000085400000, 0x0000000085500000|  0%| F|  |TAMS 0x0000000085400000, 0x0000000085400000| Untracked 
|  47|0x0000000085500000, 0x0000000085500000, 0x0000000085600000|  0%| F|  |TAMS 0x0000000085500000, 0x0000000085500000| Untracked 
|  48|0x0000000085600000, 0x0000000085600000, 0x0000000085700000|  0%| F|  |TAMS 0x0000000085600000, 0x0000000085600000| Untracked 
|  49|0x0000000085700000, 0x0000000085700000, 0x0000000085800000|  0%| F|  |TAMS 0x0000000085700000, 0x0000000085700000| Untracked 
|  50|0x0000000085800000, 0x0000000085800000, 0x0000000085900000|  0%| F|  |TAMS 0x0000000085800000, 0x0000000085800000| Untracked 
|  51|0x0000000085900000, 0x0000000085900000, 0x0000000085a00000|  0%| F|  |TAMS 0x0000000085900000, 0x0000000085900000| Untracked 
|  52|0x0000000085a00000, 0x0000000085a00000, 0x0000000085b00000|  0%| F|  |TAMS 0x0000000085a00000, 0x0000000085a00000| Untracked 
|  53|0x0000000085b00000, 0x0000000085b00000, 0x0000000085c00000|  0%| F|  |TAMS 0x0000000085b00000, 0x0000000085b00000| Untracked 
|  54|0x0000000085c00000, 0x0000000085c00000, 0x0000000085d00000|  0%| F|  |TAMS 0x0000000085c00000, 0x0000000085c00000| Untracked 
|  55|0x0000000085d00000, 0x0000000085d00000, 0x0000000085e00000|  0%| F|  |TAMS 0x0000000085d00000, 0x0000000085d00000| Untracked 
|  56|0x0000000085e00000, 0x0000000085e00000, 0x0000000085f00000|  0%| F|  |TAMS 0x0000000085e00000, 0x0000000085e00000| Untracked 
|  57|0x0000000085f00000, 0x0000000085f00000, 0x0000000086000000|  0%| F|  |TAMS 0x0000000085f00000, 0x0000000085f00000| Untracked 
|  58|0x0000000086000000, 0x0000000086000000, 0x0000000086100000|  0%| F|  |TAMS 0x0000000086000000, 0x0000000086000000| Untracked 
|  59|0x0000000086100000, 0x0000000086100000, 0x0000000086200000|  0%| F|  |TAMS 0x0000000086100000, 0x0000000086100000| Untracked 
|  60|0x0000000086200000, 0x0000000086200000, 0x0000000086300000|  0%| F|  |TAMS 0x0000000086200000, 0x0000000086200000| Untracked 
|  61|0x0000000086300000, 0x0000000086300000, 0x0000000086400000|  0%| F|  |TAMS 0x0000000086300000, 0x0000000086300000| Untracked 
|  62|0x0000000086400000, 0x0000000086400000, 0x0000000086500000|  0%| F|  |TAMS 0x0000000086400000, 0x0000000086400000| Untracked 
|  63|0x0000000086500000, 0x0000000086500000, 0x0000000086600000|  0%| F|  |TAMS 0x0000000086500000, 0x0000000086500000| Untracked 
|  64|0x0000000086600000, 0x0000000086600000, 0x0000000086700000|  0%| F|  |TAMS 0x0000000086600000, 0x0000000086600000| Untracked 
|  65|0x0000000086700000, 0x0000000086700000, 0x0000000086800000|  0%| F|  |TAMS 0x0000000086700000, 0x0000000086700000| Untracked 
|  66|0x0000000086800000, 0x0000000086800000, 0x0000000086900000|  0%| F|  |TAMS 0x0000000086800000, 0x0000000086800000| Untracked 
|  67|0x0000000086900000, 0x0000000086900000, 0x0000000086a00000|  0%| F|  |TAMS 0x0000000086900000, 0x0000000086900000| Untracked 
|  68|0x0000000086a00000, 0x0000000086a00000, 0x0000000086b00000|  0%| F|  |TAMS 0x0000000086a00000, 0x0000000086a00000| Untracked 
|  69|0x0000000086b00000, 0x0000000086b00000, 0x0000000086c00000|  0%| F|  |TAMS 0x0000000086b00000, 0x0000000086b00000| Untracked 
|  70|0x0000000086c00000, 0x0000000086c00000, 0x0000000086d00000|  0%| F|  |TAMS 0x0000000086c00000, 0x0000000086c00000| Untracked 
|  71|0x0000000086d00000, 0x0000000086d00000, 0x0000000086e00000|  0%| F|  |TAMS 0x0000000086d00000, 0x0000000086d00000| Untracked 
|  72|0x0000000086e00000, 0x0000000086e00000, 0x0000000086f00000|  0%| F|  |TAMS 0x0000000086e00000, 0x0000000086e00000| Untracked 
|  73|0x0000000086f00000, 0x0000000086f00000, 0x0000000087000000|  0%| F|  |TAMS 0x0000000086f00000, 0x0000000086f00000| Untracked 
|  74|0x0000000087000000, 0x0000000087000000, 0x0000000087100000|  0%| F|  |TAMS 0x0000000087000000, 0x0000000087000000| Untracked 
|  75|0x0000000087100000, 0x0000000087100000, 0x0000000087200000|  0%| F|  |TAMS 0x0000000087100000, 0x0000000087100000| Untracked 
|  76|0x0000000087200000, 0x0000000087200000, 0x0000000087300000|  0%| F|  |TAMS 0x0000000087200000, 0x0000000087200000| Untracked 
|  77|0x0000000087300000, 0x0000000087300000, 0x0000000087400000|  0%| F|  |TAMS 0x0000000087300000, 0x0000000087300000| Untracked 
|  78|0x0000000087400000, 0x0000000087400000, 0x0000000087500000|  0%| F|  |TAMS 0x0000000087400000, 0x0000000087400000| Untracked 
|  79|0x0000000087500000, 0x0000000087500000, 0x0000000087600000|  0%| F|  |TAMS 0x0000000087500000, 0x0000000087500000| Untracked 
|  80|0x0000000087600000, 0x0000000087600000, 0x0000000087700000|  0%| F|  |TAMS 0x0000000087600000, 0x0000000087600000| Untracked 
|  81|0x0000000087700000, 0x0000000087700000, 0x0000000087800000|  0%| F|  |TAMS 0x0000000087700000, 0x0000000087700000| Untracked 
|  82|0x0000000087800000, 0x0000000087800000, 0x0000000087900000|  0%| F|  |TAMS 0x0000000087800000, 0x0000000087800000| Untracked 
|  83|0x0000000087900000, 0x0000000087900000, 0x0000000087a00000|  0%| F|  |TAMS 0x0000000087900000, 0x0000000087900000| Untracked 
|  84|0x0000000087a00000, 0x0000000087a00000, 0x0000000087b00000|  0%| F|  |TAMS 0x0000000087a00000, 0x0000000087a00000| Untracked 
|  85|0x0000000087b00000, 0x0000000087b00000, 0x0000000087c00000|  0%| F|  |TAMS 0x0000000087b00000, 0x0000000087b00000| Untracked 
|  86|0x0000000087c00000, 0x0000000087c00000, 0x0000000087d00000|  0%| F|  |TAMS 0x0000000087c00000, 0x0000000087c00000| Untracked 
|  87|0x0000000087d00000, 0x0000000087d00000, 0x0000000087e00000|  0%| F|  |TAMS 0x0000000087d00000, 0x0000000087d00000| Untracked 
|  88|0x0000000087e00000, 0x0000000087e00000, 0x0000000087f00000|  0%| F|  |TAMS 0x0000000087e00000, 0x0000000087e00000| Untracked 
|  89|0x0000000087f00000, 0x0000000087f49d40, 0x0000000088000000| 28%| S|CS|TAMS 0x0000000087f00000, 0x0000000087f00000| Complete 
|  90|0x0000000088000000, 0x0000000088100000, 0x0000000088100000|100%| S|CS|TAMS 0x0000000088000000, 0x0000000088000000| Complete 
|  91|0x0000000088100000, 0x0000000088100000, 0x0000000088200000|  0%| F|  |TAMS 0x0000000088100000, 0x0000000088100000| Untracked 
|  92|0x0000000088200000, 0x0000000088200000, 0x0000000088300000|  0%| F|  |TAMS 0x0000000088200000, 0x0000000088200000| Untracked 
|  93|0x0000000088300000, 0x0000000088300000, 0x0000000088400000|  0%| F|  |TAMS 0x0000000088300000, 0x0000000088300000| Untracked 
|  94|0x0000000088400000, 0x0000000088400000, 0x0000000088500000|  0%| F|  |TAMS 0x0000000088400000, 0x0000000088400000| Untracked 
|  95|0x0000000088500000, 0x0000000088500000, 0x0000000088600000|  0%| F|  |TAMS 0x0000000088500000, 0x0000000088500000| Untracked 
|  96|0x0000000088600000, 0x0000000088600000, 0x0000000088700000|  0%| F|  |TAMS 0x0000000088600000, 0x0000000088600000| Untracked 
|  97|0x0000000088700000, 0x0000000088700000, 0x0000000088800000|  0%| F|  |TAMS 0x0000000088700000, 0x0000000088700000| Untracked 
|  98|0x0000000088800000, 0x0000000088800000, 0x0000000088900000|  0%| F|  |TAMS 0x0000000088800000, 0x0000000088800000| Untracked 
|  99|0x0000000088900000, 0x0000000088900000, 0x0000000088a00000|  0%| F|  |TAMS 0x0000000088900000, 0x0000000088900000| Untracked 
| 100|0x0000000088a00000, 0x0000000088a00000, 0x0000000088b00000|  0%| F|  |TAMS 0x0000000088a00000, 0x0000000088a00000| Untracked 
| 101|0x0000000088b00000, 0x0000000088b00000, 0x0000000088c00000|  0%| F|  |TAMS 0x0000000088b00000, 0x0000000088b00000| Untracked 
| 102|0x0000000088c00000, 0x0000000088c00000, 0x0000000088d00000|  0%| F|  |TAMS 0x0000000088c00000, 0x0000000088c00000| Untracked 
| 103|0x0000000088d00000, 0x0000000088d00000, 0x0000000088e00000|  0%| F|  |TAMS 0x0000000088d00000, 0x0000000088d00000| Untracked 
| 104|0x0000000088e00000, 0x0000000088e00000, 0x0000000088f00000|  0%| F|  |TAMS 0x0000000088e00000, 0x0000000088e00000| Untracked 
| 105|0x0000000088f00000, 0x0000000089000000, 0x0000000089000000|100%| E|  |TAMS 0x0000000088f00000, 0x0000000088f00000| Complete 
| 106|0x0000000089000000, 0x0000000089100000, 0x0000000089100000|100%| E|CS|TAMS 0x0000000089000000, 0x0000000089000000| Complete 
| 107|0x0000000089100000, 0x0000000089200000, 0x0000000089200000|100%| E|CS|TAMS 0x0000000089100000, 0x0000000089100000| Complete 
| 108|0x0000000089200000, 0x0000000089300000, 0x0000000089300000|100%| E|CS|TAMS 0x0000000089200000, 0x0000000089200000| Complete 
| 109|0x0000000089300000, 0x0000000089400000, 0x0000000089400000|100%| E|CS|TAMS 0x0000000089300000, 0x0000000089300000| Complete 
| 110|0x0000000089400000, 0x0000000089500000, 0x0000000089500000|100%| E|CS|TAMS 0x0000000089400000, 0x0000000089400000| Complete 
| 111|0x0000000089500000, 0x0000000089600000, 0x0000000089600000|100%| E|CS|TAMS 0x0000000089500000, 0x0000000089500000| Complete 
| 112|0x0000000089600000, 0x0000000089700000, 0x0000000089700000|100%| E|CS|TAMS 0x0000000089600000, 0x0000000089600000| Complete 
| 113|0x0000000089700000, 0x0000000089800000, 0x0000000089800000|100%| E|CS|TAMS 0x0000000089700000, 0x0000000089700000| Complete 
| 114|0x0000000089800000, 0x0000000089900000, 0x0000000089900000|100%| E|CS|TAMS 0x0000000089800000, 0x0000000089800000| Complete 
| 115|0x0000000089900000, 0x0000000089a00000, 0x0000000089a00000|100%| E|CS|TAMS 0x0000000089900000, 0x0000000089900000| Complete 
| 116|0x0000000089a00000, 0x0000000089b00000, 0x0000000089b00000|100%| E|CS|TAMS 0x0000000089a00000, 0x0000000089a00000| Complete 
| 117|0x0000000089b00000, 0x0000000089c00000, 0x0000000089c00000|100%| E|CS|TAMS 0x0000000089b00000, 0x0000000089b00000| Complete 
| 118|0x0000000089c00000, 0x0000000089d00000, 0x0000000089d00000|100%| E|CS|TAMS 0x0000000089c00000, 0x0000000089c00000| Complete 
| 119|0x0000000089d00000, 0x0000000089e00000, 0x0000000089e00000|100%| E|CS|TAMS 0x0000000089d00000, 0x0000000089d00000| Complete 
| 120|0x0000000089e00000, 0x0000000089f00000, 0x0000000089f00000|100%| E|CS|TAMS 0x0000000089e00000, 0x0000000089e00000| Complete 
| 121|0x0000000089f00000, 0x000000008a000000, 0x000000008a000000|100%| E|CS|TAMS 0x0000000089f00000, 0x0000000089f00000| Complete 
| 122|0x000000008a000000, 0x000000008a100000, 0x000000008a100000|100%| E|CS|TAMS 0x000000008a000000, 0x000000008a000000| Complete 
| 123|0x000000008a100000, 0x000000008a200000, 0x000000008a200000|100%| E|CS|TAMS 0x000000008a100000, 0x000000008a100000| Complete 
| 124|0x000000008a200000, 0x000000008a300000, 0x000000008a300000|100%| E|CS|TAMS 0x000000008a200000, 0x000000008a200000| Complete 
| 125|0x000000008a300000, 0x000000008a400000, 0x000000008a400000|100%| E|CS|TAMS 0x000000008a300000, 0x000000008a300000| Complete 

Card table byte_map: [0x000002b4ade40000,0x000002b4ae230000] _byte_map_base: 0x000002b4ada2d000

Marking Bits (Prev, Next): (CMBitMap*) 0x000002b496fed610, (CMBitMap*) 0x000002b496fed650
 Prev Bits: [0x000002b4ae620000, 0x000002b4b0588000)
 Next Bits: [0x000002b4b0590000, 0x000002b4b24f8000)

Polling page: 0x000002b496780000

Metaspace:

Usage:
  Non-class:     14.48 MB used.
      Class:      1.64 MB used.
       Both:     16.12 MB used.

Virtual space:
  Non-class space:       16.00 MB reserved,      14.62 MB ( 91%) committed,  2 nodes.
      Class space:        1.00 GB reserved,       1.75 MB ( <1%) committed,  1 nodes.
              Both:        1.02 GB reserved,      16.38 MB (  2%) committed. 

Chunk freelists:
   Non-Class:  752.00 KB
       Class:  2.17 MB
        Both:  2.91 MB

MaxMetaspaceSize: 17179869184.00 GB
CompressedClassSpaceSize: 1.00 GB
 - commit_granule_bytes: 65536.
 - commit_granule_words: 8192.
 - virtual_space_node_default_size: 1048576.
 - enlarge_chunks_in_place: 1.
 - new_chunks_are_fully_committed: 0.
 - uncommit_free_chunks: 1.
 - use_allocation_guard: 0.
 - handle_deallocations: 1.


Internal statistics:

num_allocs_failed_limit: 0.
num_arena_births: 114.
num_arena_deaths: 0.
num_vsnodes_births: 3.
num_vsnodes_deaths: 0.
num_space_committed: 262.
num_space_uncommitted: 0.
num_chunks_returned_to_freelist: 0.
num_chunks_taken_from_freelist: 463.
num_chunk_merges: 0.
num_chunk_splits: 385.
num_chunks_enlarged: 334.
num_purges: 0.

CodeHeap 'non-profiled nmethods': size=120000Kb used=776Kb max_used=776Kb free=119224Kb
 bounds [0x000002b4a61f0000, 0x000002b4a6460000, 0x000002b4ad720000]
CodeHeap 'profiled nmethods': size=120000Kb used=3415Kb max_used=3415Kb free=116584Kb
 bounds [0x000002b49ecc0000, 0x000002b49f020000, 0x000002b4a61f0000]
CodeHeap 'non-nmethods': size=5760Kb used=1569Kb max_used=1583Kb free=4190Kb
 bounds [0x000002b49e720000, 0x000002b49e990000, 0x000002b49ecc0000]
 total_blobs=2732 nmethods=1849 adapters=796
 compilation: enabled
              stopped_count=0, restarted_count=0
 full_count=0

Compilation events (20 events):
Event: 6.590 Thread 0x000002b4b4f3f4b0 1840       3       androidx.compose.ui.node.LayoutNodeDrawScope::getDrawContext (8 bytes)
Event: 6.590 Thread 0x000002b4b4f3f4b0 nmethod 1840 0x000002b49f013110 code [0x000002b49f0132a0, 0x000002b49f0133d8]
Event: 6.590 Thread 0x000002b4b4f3f4b0 1841       3       androidx.compose.ui.graphics.drawscope.CanvasDrawScope$drawContext$1::getCanvas (11 bytes)
Event: 6.590 Thread 0x000002b4b4f3f4b0 nmethod 1841 0x000002b49f013490 code [0x000002b49f013640, 0x000002b49f013798]
Event: 6.590 Thread 0x000002b4b4f3f4b0 1842       3       androidx.compose.ui.node.LayoutNodeDrawScope::getSize-NH-jbRc (8 bytes)
Event: 6.591 Thread 0x000002b4b4f3f4b0 nmethod 1842 0x000002b49f013890 code [0x000002b49f013ae0, 0x000002b49f0142b8]
Event: 6.591 Thread 0x000002b4b4f3f4b0 1845       3       androidx.compose.ui.graphics.drawscope.CanvasDrawScope$drawContext$1::getSize-NH-jbRc (11 bytes)
Event: 6.591 Thread 0x000002b4b4f3f4b0 nmethod 1845 0x000002b49f014690 code [0x000002b49f014840, 0x000002b49f014998]
Event: 6.591 Thread 0x000002b4b4f3f4b0 1843       3       androidx.compose.ui.graphics.drawscope.CanvasDrawScope::getSize-NH-jbRc (5 bytes)
Event: 6.592 Thread 0x000002b4b4f3f4b0 nmethod 1843 0x000002b49f014a90 code [0x000002b49f014c60, 0x000002b49f014f38]
Event: 6.592 Thread 0x000002b4b4f3f4b0 1844       3       androidx.compose.ui.graphics.drawscope.DrawScope$DefaultImpls::getSize-NH-jbRc (18 bytes)
Event: 6.593 Thread 0x000002b4b4f3f4b0 nmethod 1844 0x000002b49f015110 code [0x000002b49f015360, 0x000002b49f015ac8]
Event: 6.593 Thread 0x000002b4b4f3f4b0 1846       1       androidx.compose.ui.graphics.DesktopPaint::getFilterQuality-f-v9h1I (5 bytes)
Event: 6.593 Thread 0x000002b4b4f3f4b0 nmethod 1846 0x000002b4a62b1410 code [0x000002b4a62b15a0, 0x000002b4a62b1678]
Event: 6.593 Thread 0x000002b4b4f3f4b0 1847       1       androidx.compose.ui.graphics.drawscope.CanvasDrawScope$drawContext$1::getTransform (5 bytes)
Event: 6.593 Thread 0x000002b4b4f3f4b0 nmethod 1847 0x000002b4a62b1710 code [0x000002b4a62b18a0, 0x000002b4a62b1978]
Event: 6.593 Thread 0x000002b4b4f3f4b0 1848       1       androidx.compose.runtime.snapshots.SnapshotMapSet::getMap (5 bytes)
Event: 6.593 Thread 0x000002b4b4f3f4b0 nmethod 1848 0x000002b4a62b1a10 code [0x000002b4a62b1ba0, 0x000002b4a62b1c78]
Event: 6.593 Thread 0x000002b4b4f3f4b0 1849       1       androidx.compose.runtime.snapshots.SnapshotStateMap::getFirstStateRecord (5 bytes)
Event: 6.593 Thread 0x000002b4b4f3f4b0 nmethod 1849 0x000002b4a62b1d10 code [0x000002b4a62b1ea0, 0x000002b4a62b1f78]

GC Heap History (4 events):
Event: 3.773 GC heap before
{Heap before GC invocations=0 (full 0):
 garbage-first heap   total 129024K, used 22528K [0x0000000082600000, 0x0000000100000000)
  region size 1024K, 23 young (23552K), 0 survivors (0K)
 Metaspace       used 5415K, committed 5632K, reserved 1056768K
  class space    used 471K, committed 576K, reserved 1048576K
}
Event: 3.794 GC heap after
{Heap after GC invocations=1 (full 0):
 garbage-first heap   total 129024K, used 4173K [0x0000000082600000, 0x0000000100000000)
  region size 1024K, 3 young (3072K), 3 survivors (3072K)
 Metaspace       used 5415K, committed 5632K, reserved 1056768K
  class space    used 471K, committed 576K, reserved 1048576K
}
Event: 5.513 GC heap before
{Heap before GC invocations=1 (full 0):
 garbage-first heap   total 129024K, used 38989K [0x0000000082600000, 0x0000000100000000)
  region size 1024K, 35 young (35840K), 3 survivors (3072K)
 Metaspace       used 13672K, committed 13824K, reserved 1064960K
  class space    used 1388K, committed 1472K, reserved 1048576K
}
Event: 5.520 GC heap after
{Heap after GC invocations=2 (full 0):
 garbage-first heap   total 129024K, used 5263K [0x0000000082600000, 0x0000000100000000)
  region size 1024K, 2 young (2048K), 2 survivors (2048K)
 Metaspace       used 13672K, committed 13824K, reserved 1064960K
  class space    used 1388K, committed 1472K, reserved 1048576K
}

Deoptimization events (20 events):
Event: 5.071 Thread 0x000002b4b62ac070 DEOPT PACKING pc=0x000002b4a6262360 sp=0x000000ed68efb150
Event: 5.071 Thread 0x000002b4b62ac070 DEOPT UNPACKING pc=0x000002b49e76d72e sp=0x000000ed68efb0d8 mode 2
Event: 5.144 Thread 0x000002b4b62ac070 DEOPT PACKING pc=0x000002b49eed0886 sp=0x000000ed68efa7a0
Event: 5.144 Thread 0x000002b4b62ac070 DEOPT UNPACKING pc=0x000002b49e76dece sp=0x000000ed68ef9c10 mode 0
Event: 5.245 Thread 0x000002b4b62ac070 DEOPT PACKING pc=0x000002b49ee4e9ed sp=0x000000ed68efbb10
Event: 5.245 Thread 0x000002b4b62ac070 DEOPT UNPACKING pc=0x000002b49e76dece sp=0x000000ed68efaf70 mode 0
Event: 5.425 Thread 0x000002b4b62ac070 DEOPT PACKING pc=0x000002b49ed019d6 sp=0x000000ed68ef8bb0
Event: 5.425 Thread 0x000002b4b62ac070 DEOPT UNPACKING pc=0x000002b49e76dece sp=0x000000ed68ef8038 mode 0
Event: 5.444 Thread 0x000002b4b62ac070 Uncommon trap: trap_request=0xffffff45 fr.pc=0x000002b4a6252f5c relative=0x000000000000113c
Event: 5.444 Thread 0x000002b4b62ac070 Uncommon trap: reason=unstable_if action=reinterpret pc=0x000002b4a6252f5c method=java.util.concurrent.ConcurrentHashMap.putVal(Ljava/lang/Object;Ljava/lang/Object;Z)Ljava/lang/Object; @ 148 c2
Event: 5.444 Thread 0x000002b4b62ac070 DEOPT PACKING pc=0x000002b4a6252f5c sp=0x000000ed68ef9af0
Event: 5.444 Thread 0x000002b4b62ac070 DEOPT UNPACKING pc=0x000002b49e76d72e sp=0x000000ed68ef9a80 mode 2
Event: 5.445 Thread 0x000002b4b62ac070 Uncommon trap: trap_request=0xffffff45 fr.pc=0x000002b4a625d408 relative=0x0000000000002728
Event: 5.445 Thread 0x000002b4b62ac070 Uncommon trap: reason=unstable_if action=reinterpret pc=0x000002b4a625d408 method=java.lang.StringLatin1.regionMatchesCI([BI[BII)Z @ 72 c2
Event: 5.445 Thread 0x000002b4b62ac070 DEOPT PACKING pc=0x000002b4a625d408 sp=0x000000ed68ef9960
Event: 5.445 Thread 0x000002b4b62ac070 DEOPT UNPACKING pc=0x000002b49e76d72e sp=0x000000ed68ef9810 mode 2
Event: 6.447 Thread 0x000002b4b62ac070 Uncommon trap: trap_request=0xffffffec fr.pc=0x000002b4a62a1fb0 relative=0x0000000000000090
Event: 6.447 Thread 0x000002b4b62ac070 Uncommon trap: reason=null_assert_or_unreached0 action=make_not_entrant pc=0x000002b4a62a1fb0 method=androidx.compose.ui.node.LayoutNodeWrapper.invalidateLayer()V @ 4 c2
Event: 6.447 Thread 0x000002b4b62ac070 DEOPT PACKING pc=0x000002b4a62a1fb0 sp=0x000000ed68efa7e0
Event: 6.447 Thread 0x000002b4b62ac070 DEOPT UNPACKING pc=0x000002b49e76d72e sp=0x000000ed68efa770 mode 2

Classes unloaded (0 events):
No events

Classes redefined (0 events):
No events

Internal exceptions (17 events):
Event: 3.006 Thread 0x000002b496fac830 Exception <a 'java/lang/ClassNotFoundException'{0x0000000089696490}: sun/awt/resources/spi/awtProvider> (0x0000000089696490) 
thrown [t:\workspace\open\src\hotspot\share\classfile\systemDictionary.cpp, line 256]
Event: 3.096 Thread 0x000002b496fac830 Exception <a 'java/io/FileNotFoundException'{0x00000000895232f8}> (0x00000000895232f8) 
thrown [t:\workspace\open\src\hotspot\share\prims\jni.cpp, line 579]
Event: 3.137 Thread 0x000002b496fac830 Exception <a 'java/io/FileNotFoundException'{0x0000000089555e10}> (0x0000000089555e10) 
thrown [t:\workspace\open\src\hotspot\share\prims\jni.cpp, line 579]
Event: 3.140 Thread 0x000002b496fac830 Exception <a 'java/lang/NoSuchMethodError'{0x000000008955adb8}: 'java.lang.Object java.lang.invoke.DirectMethodHandle$Holder.invokeStatic(java.lang.Object)'> (0x000000008955adb8) 
thrown [t:\workspace\open\src\hotspot\share\interpreter\linkResolver.cpp, line 790]
Event: 3.159 Thread 0x000002b496fac830 Exception <a 'java/lang/NoSuchMethodError'{0x00000000895b3b80}: 'void java.lang.invoke.DirectMethodHandle$Holder.invokeSpecial(java.lang.Object, java.lang.Object, java.lang.Object)'> (0x00000000895b3b80) 
thrown [t:\workspace\open\src\hotspot\share\interpreter\linkResolver.cpp, line 790]
Event: 3.262 Thread 0x000002b496fac830 Exception <a 'java/lang/NoSuchMethodError'{0x00000000893672c8}: 'java.lang.Object java.lang.invoke.DirectMethodHandle$Holder.invokeStaticInit(java.lang.Object)'> (0x00000000893672c8) 
thrown [t:\workspace\open\src\hotspot\share\interpreter\linkResolver.cpp, line 790]
Event: 4.372 Thread 0x000002b4b62ac070 Exception <a 'java/lang/NoSuchMethodError'{0x0000000089951fa0}: 'java.lang.Object java.lang.invoke.DirectMethodHandle$Holder.newInvokeSpecial(java.lang.Object, java.lang.Object, java.lang.Object, java.lang.Object, java.lang.Object)'> (0x0000000089951fa0) 
thrown [t:\workspace\open\src\hotspot\share\interpreter\linkResolver.cpp, line 790]
Event: 4.375 Thread 0x000002b4b62ac070 Exception <a 'java/lang/NoSuchMethodError'{0x000000008995dd30}: 'java.lang.Object java.lang.invoke.DirectMethodHandle$Holder.invokeStatic(java.lang.Object, int, java.lang.Object, java.lang.Object, java.lang.Object, java.lang.Object)'> (0x000000008995dd30) 
thrown [t:\workspace\open\src\hotspot\share\interpreter\linkResolver.cpp, line 790]
Event: 4.385 Thread 0x000002b4b62ac070 Exception <a 'java/lang/NoSuchMethodError'{0x0000000089984fa8}: 'java.lang.Object java.lang.invoke.DirectMethodHandle$Holder.invokeStatic(java.lang.Object, int, java.lang.Object)'> (0x0000000089984fa8) 
thrown [t:\workspace\open\src\hotspot\share\interpreter\linkResolver.cpp, line 790]
Event: 4.445 Thread 0x000002b4b62ac070 Exception <a 'java/lang/ClassNotFoundException'{0x0000000089860458}: com/sun/swing/internal/plaf/metal/resources/spi/metalProvider> (0x0000000089860458) 
thrown [t:\workspace\open\src\hotspot\share\classfile\systemDictionary.cpp, line 256]
Event: 4.447 Thread 0x000002b4b62ac070 Exception <a 'java/lang/ClassNotFoundException'{0x000000008986a658}: com/sun/swing/internal/plaf/basic/resources/spi/basicProvider> (0x000000008986a658) 
thrown [t:\workspace\open\src\hotspot\share\classfile\systemDictionary.cpp, line 256]
Event: 4.461 Thread 0x000002b4b62ac070 Implicit null exception at 0x000002b4a620e960 to 0x000002b4a620e9fa
Event: 4.472 Thread 0x000002b4b62ac070 Implicit null exception at 0x000002b4a6230ba0 to 0x000002b4a6231060
Event: 4.472 Thread 0x000002b4b62ac070 Implicit null exception at 0x000002b4a6213f14 to 0x000002b4a62143a8
Event: 4.663 Thread 0x000002b4b62ac070 Exception <a 'java/lang/NoSuchMethodError'{0x0000000089407970}: 'void java.lang.invoke.DirectMethodHandle$Holder.invokeStatic(java.lang.Object, java.lang.Object, java.lang.Object)'> (0x0000000089407970) 
thrown [t:\workspace\open\src\hotspot\share\interpreter\linkResolver.cpp, line 790]
Event: 4.794 Thread 0x000002b4b6006590 Exception <a 'java/lang/NoSuchMethodError'{0x000000008927bc98}: 'void java.lang.invoke.DirectMethodHandle$Holder.invokeVirtual(java.lang.Object, java.lang.Object)'> (0x000000008927bc98) 
thrown [t:\workspace\open\src\hotspot\share\interpreter\linkResolver.cpp, line 790]
Event: 4.847 Thread 0x000002b4b62ac070 Exception <a 'java/lang/NoSuchMethodError'{0x000000008913bc80}: 'void java.lang.invoke.DirectMethodHandle$Holder.invokeStaticInit(java.lang.Object)'> (0x000000008913bc80) 
thrown [t:\workspace\open\src\hotspot\share\interpreter\linkResolver.cpp, line 790]

Events (20 events):
Event: 6.594 loading class org/jetbrains/skiko/GpuPriority done
Event: 6.595 loading class org/jetbrains/skiko/GpuPriority$Companion
Event: 6.595 loading class org/jetbrains/skiko/GpuPriority$Companion done
Event: 6.596 loading class org/jetbrains/skiko/HardwareLayer$contentHandle$1
Event: 6.596 loading class org/jetbrains/skiko/HardwareLayer$contentHandle$1 done
Event: 6.712 Thread 0x000002b4b5a48890 Thread exited: 0x000002b4b5a48890
Event: 6.713 Executing  VM operation: ChangeBreakpoints
Event: 6.713 Executing  VM operation: ChangeBreakpoints done
Event: 6.713 Executing  VM operation: ChangeBreakpoints
Event: 6.713 Executing  VM operation: ChangeBreakpoints done
Event: 6.714 Executing  VM operation: ChangeBreakpoints
Event: 6.714 Executing  VM operation: ChangeBreakpoints done
Event: 6.718 Thread 0x000002b4b5a2eec0 Thread exited: 0x000002b4b5a2eec0
Event: 6.813 loading class jdk/internal/misc/Signal$1
Event: 6.813 loading class jdk/internal/misc/Signal$1 done
Event: 6.813 Thread 0x000002b4baa57520 Thread added: 0x000002b4baa57520
Event: 6.814 Thread 0x000002b4baa52ac0 Thread added: 0x000002b4baa52ac0
Event: 6.814 Thread 0x000002b4baa57a70 Thread added: 0x000002b4baa57a70
Event: 6.821 Thread 0x000002b4baa52ac0 Thread exited: 0x000002b4baa52ac0
Event: 6.822 Thread 0x000002b4b6006590 Thread exited: 0x000002b4b6006590


Dynamic libraries:
0x00007ff6cc500000 - 0x00007ff6cc510000 	C:\Program Files\Java\jdk-16.0.2\bin\java.exe
0x00007ffbcaa00000 - 0x00007ffbcac07000 	C:\WINDOWS\SYSTEM32\ntdll.dll
0x00007ffbc9870000 - 0x00007ffbc992d000 	C:\WINDOWS\System32\KERNEL32.DLL
0x00007ffbc81e0000 - 0x00007ffbc8554000 	C:\WINDOWS\System32\KERNELBASE.dll
0x00007ffbc86f0000 - 0x00007ffbc8801000 	C:\WINDOWS\System32\ucrtbase.dll
0x00007ffbb38f0000 - 0x00007ffbb3908000 	C:\Program Files\Java\jdk-16.0.2\bin\jli.dll
0x00007ffbc9010000 - 0x00007ffbc90bc000 	C:\WINDOWS\System32\ADVAPI32.dll
0x00007ffbca210000 - 0x00007ffbca2b3000 	C:\WINDOWS\System32\msvcrt.dll
0x00007ffbca710000 - 0x00007ffbca7ad000 	C:\WINDOWS\System32\sechost.dll
0x00007ffbc9a50000 - 0x00007ffbc9b71000 	C:\WINDOWS\System32\RPCRT4.dll
0x00007ffbc8d70000 - 0x00007ffbc8f1c000 	C:\WINDOWS\System32\USER32.dll
0x00007ffbc86c0000 - 0x00007ffbc86e6000 	C:\WINDOWS\System32\win32u.dll
0x00007ffbc9ba0000 - 0x00007ffbc9bc9000 	C:\WINDOWS\System32\GDI32.dll
0x00007ffbc7ee0000 - 0x00007ffbc7ff2000 	C:\WINDOWS\System32\gdi32full.dll
0x00007ffbc8560000 - 0x00007ffbc85fd000 	C:\WINDOWS\System32\msvcp_win.dll
0x00007ffbb11f0000 - 0x00007ffbb1209000 	C:\Program Files\Java\jdk-16.0.2\bin\VCRUNTIME140.dll
0x00007ffba24e0000 - 0x00007ffba2785000 	C:\WINDOWS\WinSxS\amd64_microsoft.windows.common-controls_6595b64144ccf1df_6.0.22000.120_none_9d947278b86cc467\COMCTL32.dll
0x00007ffbbb5c0000 - 0x00007ffbbb5ca000 	C:\WINDOWS\SYSTEM32\VERSION.dll
0x00007ffbc9930000 - 0x00007ffbc9961000 	C:\WINDOWS\System32\IMM32.DLL
0x00007ffbbf170000 - 0x00007ffbbf17c000 	C:\Program Files\Java\jdk-16.0.2\bin\vcruntime140_1.dll
0x00007ffb87ac0000 - 0x00007ffb87b51000 	C:\Program Files\Java\jdk-16.0.2\bin\msvcp140.dll
0x00007ffb619f0000 - 0x00007ffb6259b000 	C:\Program Files\Java\jdk-16.0.2\bin\server\jvm.dll
0x00007ffbc88f0000 - 0x00007ffbc88f8000 	C:\WINDOWS\System32\PSAPI.DLL
0x00007ffba3ff0000 - 0x00007ffba3ff9000 	C:\WINDOWS\SYSTEM32\WSOCK32.dll
0x00007ffbc9cd0000 - 0x00007ffbc9d3f000 	C:\WINDOWS\System32\WS2_32.dll
0x00007ffbbe4f0000 - 0x00007ffbbe523000 	C:\WINDOWS\SYSTEM32\WINMM.dll
0x00007ffbc70b0000 - 0x00007ffbc70c8000 	C:\WINDOWS\SYSTEM32\kernel.appcore.dll
0x00007ffbbea30000 - 0x00007ffbbea3a000 	C:\Program Files\Java\jdk-16.0.2\bin\jimage.dll
0x00007ffbc5270000 - 0x00007ffbc5491000 	C:\WINDOWS\SYSTEM32\DBGHELP.DLL
0x00007ffbacad0000 - 0x00007ffbacb01000 	C:\WINDOWS\SYSTEM32\dbgcore.DLL
0x00007ffbc8810000 - 0x00007ffbc888f000 	C:\WINDOWS\System32\bcryptPrimitives.dll
0x00007ffb85ac0000 - 0x00007ffb85afb000 	C:\Program Files\Java\jdk-16.0.2\bin\jdwp.dll
0x00007ffbab030000 - 0x00007ffbab03e000 	C:\Program Files\Java\jdk-16.0.2\bin\instrument.dll
0x00007ffba13f0000 - 0x00007ffba1415000 	C:\Program Files\Java\jdk-16.0.2\bin\java.dll
0x00007ffbabaf0000 - 0x00007ffbabb08000 	C:\Program Files\Java\jdk-16.0.2\bin\zip.dll
0x00007ffbc90c0000 - 0x00007ffbc986e000 	C:\WINDOWS\System32\SHELL32.dll
0x00007ffbc6050000 - 0x00007ffbc68b7000 	C:\WINDOWS\SYSTEM32\windows.storage.dll
0x00007ffbc9d40000 - 0x00007ffbca0b8000 	C:\WINDOWS\System32\combase.dll
0x00007ffbc5ee0000 - 0x00007ffbc6046000 	C:\WINDOWS\SYSTEM32\wintypes.dll
0x00007ffbca620000 - 0x00007ffbca70a000 	C:\WINDOWS\System32\SHCORE.dll
0x00007ffbc8890000 - 0x00007ffbc88ed000 	C:\WINDOWS\System32\shlwapi.dll
0x00007ffbc7e10000 - 0x00007ffbc7e31000 	C:\WINDOWS\SYSTEM32\profapi.dll
0x00007ffba8940000 - 0x00007ffba894c000 	C:\Program Files\Java\jdk-16.0.2\bin\dt_socket.dll
0x00007ffbc6c30000 - 0x00007ffbc6c5d000 	C:\WINDOWS\SYSTEM32\IPHLPAPI.DLL
0x00007ffbc74c0000 - 0x00007ffbc7527000 	C:\WINDOWS\system32\mswsock.dll
0x00007ffbb0c60000 - 0x00007ffbb0c79000 	C:\Program Files\Java\jdk-16.0.2\bin\net.dll
0x00007ffbc4ec0000 - 0x00007ffbc4fcc000 	C:\WINDOWS\SYSTEM32\WINHTTP.dll
0x00007ffbae960000 - 0x00007ffbae973000 	C:\Program Files\Java\jdk-16.0.2\bin\nio.dll
0x00007ffb6f160000 - 0x00007ffb6f2e0000 	C:\Program Files\Java\jdk-16.0.2\bin\awt.dll
0x00007ffbca8e0000 - 0x00007ffbca9b6000 	C:\WINDOWS\System32\OLEAUT32.dll
0x00007ffbc12d0000 - 0x00007ffbc1361000 	C:\WINDOWS\SYSTEM32\apphelp.dll
0x00007ffbc1400000 - 0x00007ffbc14ac000 	C:\WINDOWS\system32\uxtheme.dll
0x00007ffbca0c0000 - 0x00007ffbca1de000 	C:\WINDOWS\System32\MSCTF.dll
0x00007ffbca480000 - 0x00007ffbca61a000 	C:\WINDOWS\System32\ole32.dll
0x00007ffbc56d0000 - 0x00007ffbc56ff000 	C:\WINDOWS\system32\DWMAPI.DLL
0x00007ffba5310000 - 0x00007ffba5411000 	C:\WINDOWS\system32\opengl32.dll
0x00007ffbaffb0000 - 0x00007ffbaffdd000 	C:\WINDOWS\SYSTEM32\GLU32.dll
0x00007ffbc5200000 - 0x00007ffbc5238000 	C:\WINDOWS\SYSTEM32\dxcore.dll
0x00007ffb5cf60000 - 0x00007ffb5de5e000 	C:\Users\ricar\.skiko\80fc6444015995e586d4d2f41cb25284608cc484748d064cc0259bc4ea610782\skiko-windows-x64.dll
0x00007ffb82c20000 - 0x00007ffb82ca9000 	C:\Program Files\Java\jdk-16.0.2\bin\freetype.dll
0x00007ffb7a200000 - 0x00007ffb7a2f6000 	C:\Program Files\Java\jdk-16.0.2\bin\harfbuzz.dll
0x00007ffb9e510000 - 0x00007ffb9e522000 	C:\Program Files\Java\jdk-16.0.2\bin\fontmanager.dll
0x00007ffba7ab0000 - 0x00007ffba7ab7000 	C:\Program Files\Java\jdk-16.0.2\bin\jawt.dll
0x00007ffb9f520000 - 0x00007ffb9f77f000 	C:\WINDOWS\SYSTEM32\dwrite.dll
0x00007ffbc1550000 - 0x00007ffbc1643000 	C:\WINDOWS\SYSTEM32\Dxgi.dll
0x00007ffbbd220000 - 0x00007ffbbd264000 	C:\WINDOWS\SYSTEM32\directxdatabasehelper.dll
0x00007ffbc55b0000 - 0x00007ffbc55e4000 	C:\WINDOWS\SYSTEM32\ntmarta.dll
0x00007ffbb27c0000 - 0x00007ffbb27e2000 	C:\WINDOWS\SYSTEM32\D3D12.dll
0x00007ffb64640000 - 0x00007ffb64844000 	C:\WINDOWS\SYSTEM32\D3D12Core.dll
0x00007ffbc7bb0000 - 0x00007ffbc7bfc000 	C:\WINDOWS\SYSTEM32\cfgmgr32.dll
0x00007ffbc78c0000 - 0x00007ffbc78e7000 	C:\WINDOWS\SYSTEM32\bcrypt.dll
0x00007ffbb50b0000 - 0x00007ffbb82e8000 	C:\WINDOWS\System32\DriverStore\FileRepository\iigd_dch.inf_amd64_bb614eb89871cffc\igc64.dll
0x00007ffb5c520000 - 0x00007ffb5cf54000 	C:\WINDOWS\System32\DriverStore\FileRepository\iigd_dch.inf_amd64_bb614eb89871cffc\igd12umd64.dll
0x00007ffbc8070000 - 0x00007ffbc81d2000 	C:\WINDOWS\System32\CRYPT32.dll
0x00007ffbb83c0000 - 0x00007ffbb877d000 	C:\WINDOWS\System32\DriverStore\FileRepository\iigd_dch.inf_amd64_bb614eb89871cffc\igdgmm64.dll
0x00007ffb84f00000 - 0x00007ffb84f2d000 	C:\WINDOWS\SYSTEM32\D3DSCache.dll
0x00007ffbc75d0000 - 0x00007ffbc75f9000 	C:\WINDOWS\SYSTEM32\USERENV.dll
0x00007ffb55090000 - 0x00007ffb59909000 	C:\WINDOWS\System32\DriverStore\FileRepository\iigd_dch.inf_amd64_bb614eb89871cffc\igd12dxva64.dll
0x00007ffbc8900000 - 0x00007ffbc8d6b000 	C:\WINDOWS\System32\SETUPAPI.dll
0x00007ffb75c30000 - 0x00007ffb75c57000 	C:\WINDOWS\System32\DriverStore\FileRepository\iigd_dch.inf_amd64_bb614eb89871cffc\igdinfo64.dll
0x00007ffbbdb60000 - 0x00007ffbbddc6000 	C:\WINDOWS\SYSTEM32\twinapi.appcore.dll

dbghelp: loaded successfully - version: 4.0.5 - missing functions: none
symbol engine: initialized successfully - sym options: 0x614 - pdb path: .;C:\Program Files\Java\jdk-16.0.2\bin;C:\WINDOWS\SYSTEM32;C:\WINDOWS\WinSxS\amd64_microsoft.windows.common-controls_6595b64144ccf1df_6.0.22000.120_none_9d947278b86cc467;C:\Program Files\Java\jdk-16.0.2\bin\server;C:\Users\ricar\.skiko\80fc6444015995e586d4d2f41cb25284608cc484748d064cc0259bc4ea610782;C:\WINDOWS\System32\DriverStore\FileRepository\iigd_dch.inf_amd64_bb614eb89871cffc

VM Arguments:
jvm_args: -agentlib:jdwp=transport=dt_socket,address=127.0.0.1:51964,suspend=y,server=n -javaagent:C:/Users/ricar/.gradle/caches/modules-2/files-2.1/org.jetbrains.kotlinx/kotlinx-coroutines-core-jvm/1.5.0/d8cebccdcddd029022aa8646a5a953ff88b13ac8/kotlinx-coroutines-core-jvm-1.5.0.jar -javaagent:C:\Users\ricar\AppData\Local\JetBrains\IntelliJIdea2021.3\captureAgent\debugger-agent.jar -Dfile.encoding=UTF-8 
java_command: MainKt
java_class_path (initial): C:\Users\ricar\OneDrive\Documentos\GitHub\tds_desktopchess\build\classes\kotlin\main;C:\Users\ricar\OneDrive\Documentos\GitHub\tds_desktopchess\build\resources\main;C:\Users\ricar\.gradle\caches\modules-2\files-2.1\org.jetbrains.kotlin\kotlin-stdlib-jdk8\1.5.21\6b3de2a43405a65502728047db37a98a0c7e72f0\kotlin-stdlib-jdk8-1.5.21.jar;C:\Users\ricar\.gradle\caches\modules-2\files-2.1\org.litote.kmongo\kmongo\4.3.0\c2ed0523c5ccaa7c3ece06098d7d9e0886670513\kmongo-4.3.0.jar;C:\Users\ricar\.gradle\caches\modules-2\files-2.1\org.jetbrains.kotlin\kotlin-stdlib-jdk7\1.5.21\f059658740a4b3a3461aba9681457615332bae1c\kotlin-stdlib-jdk7-1.5.21.jar;C:\Users\ricar\.gradle\caches\modules-2\files-2.1\org.jetbrains.kotlin\kotlin-stdlib\1.5.30\d68efdea04955974ac1020f8f66ef8176bfbce1f\kotlin-stdlib-1.5.30.jar;C:\Users\ricar\.gradle\caches\modules-2\files-2.1\org.litote.kmongo\kmongo-core\4.3.0\98cc1791a2fb4150c878be1946cda739fbfd0ec3\kmongo-core-4.3.0.jar;C:\Users\ricar\.gradle\caches\modules-2\files-2.1\org.litote.kmongo\kmongo-jackson-mapping\4.3.0\dcd38c2cc17c2e6c49c0fdbbc428142470fe189a\kmongo-jackson-mapping-4.3.0.jar;C:\Users\ricar\.gradle\caches\modules-2\files-2.1\org.jetbrains.compose.desktop\desktop-jvm\1.0.0-alpha3\7d2ec16f4e057de47d41ffc5c8416f9f85aeab3e\desktop-jvm-1.0.0-alpha3.jar;C:\Users\ricar\.gradle\caches\modules-2\files-2.1\org.jetbrains\annotations\13.0\919f0dfe192fb4e063e7dacadee7f8bb9a2672a9\annotations-13.0.jar;C:\Users\ricar\.gradle\caches\modules-2\files-2.1\org.jetbrains.kotlin\kotlin-stdlib-common\1.5.30\649ffab7767038323fec0cc41e2d7b0a8f65a378\kotlin-stdlib-common-1.5.30.jar;C:\Users\ricar\.gradle\caches\modules-2\files-2.1\org.litote.kmongo\kmongo-property\4.3.0\f6be8eb7516a7c8511479683c0d04d037f4c756c\kmongo-property-4.3.0.jar;C:\Users\ricar\.gradle\caches\modules-2\files-2.1\org.mongodb\mongodb-driver-sync\4.3.2\7735fc3aa02d5168e5cad8956dc4351d0608435a\mongodb-driver-sync-4.3.2.jar;C:\Users\ricar\.gradle\caches\modules-2\files-2
Launcher Type: SUN_STANDARD

[Global flags]
     intx CICompilerCount                          = 4                                         {product} {ergonomic}
     uint ConcGCThreads                            = 2                                         {product} {ergonomic}
     uint G1ConcRefinementThreads                  = 8                                         {product} {ergonomic}
   size_t G1HeapRegionSize                         = 1048576                                   {product} {ergonomic}
    uintx GCDrainStackTargetSize                   = 64                                        {product} {ergonomic}
   size_t InitialHeapSize                          = 132120576                                 {product} {ergonomic}
   size_t MarkStackSize                            = 4194304                                   {product} {ergonomic}
   size_t MaxHeapSize                              = 2107637760                                {product} {ergonomic}
   size_t MaxNewSize                               = 1264582656                                {product} {ergonomic}
   size_t MinHeapDeltaBytes                        = 1048576                                   {product} {ergonomic}
   size_t MinHeapSize                              = 8388608                                   {product} {ergonomic}
    uintx NonNMethodCodeHeapSize                   = 5839372                                {pd product} {ergonomic}
    uintx NonProfiledCodeHeapSize                  = 122909434                              {pd product} {ergonomic}
    uintx ProfiledCodeHeapSize                     = 122909434                              {pd product} {ergonomic}
    uintx ReservedCodeCacheSize                    = 251658240                              {pd product} {ergonomic}
     bool SegmentedCodeCache                       = true                                      {product} {ergonomic}
   size_t SoftMaxHeapSize                          = 2107637760                             {manageable} {ergonomic}
     bool UseCompressedClassPointers               = true                           {product lp64_product} {ergonomic}
     bool UseCompressedOops                        = true                           {product lp64_product} {ergonomic}
     bool UseG1GC                                  = true                                      {product} {ergonomic}
     bool UseLargePagesIndividualAllocation        = false                                  {pd product} {ergonomic}

Logging:
Log output configuration:
 #0: stdout all=warning uptime,level,tags
 #1: stderr all=off uptime,level,tags

Environment Variables:
JAVA_HOME=C:\Program Files\Java\jdk-16.0.2
PATH=C:\Users\ricar\AppData\Local\Programs\Python\Python310\Scripts\;C:\Users\ricar\AppData\Local\Programs\Python\Python310\;C:\Program Files\Common Files\Oracle\Java\javapath;C:\Windows\system32;C:\Windows;C:\Windows\System32\Wbem;C:\Windows\System32\WindowsPowerShell\v1.0\;C:\Windows\System32\OpenSSH\;C:\Program Files (x86)\NVIDIA Corporation\PhysX\Common;C:\Program Files\Intel\WiFi\bin\;C:\Program Files\Common Files\Intel\WirelessCommon\;C:\WINDOWS\system32;C:\WINDOWS;C:\WINDOWS\System32\Wbem;C:\WINDOWS\System32\WindowsPowerShell\v1.0\;C:\WINDOWS\System32\OpenSSH\;C:\Program Files (x86)\Git\cmd;C:\Program Files\Docker\Docker\resources\bin;C:\ProgramData\DockerDesktop\version-bin;C:\Users\ricar\AppData\Local\Microsoft\WindowsApps;C:\Program Files\JetBrains\IntelliJ IDEA 2021.2.1\bin;;C:\Users\ricar\AppData\Local\GitHubDesktop\bin;C:\Users\ricar\AppData\Local\Programs\Microsoft VS Code\bin;C:\Program Files (x86)\NodeJS;C:\MinGW\bin;C:\Users\ricar\AppData\Local\Programs\mongosh\;D:\CLion 2021.3\bin;
USERNAME=ricar
OS=Windows_NT
PROCESSOR_IDENTIFIER=Intel64 Family 6 Model 142 Stepping 12, GenuineIntel



---------------  S Y S T E M  ---------------

OS:
 Windows 10 , 64 bit Build 22000 (10.0.22000.318)
OS uptime: 8 days 20:14 hours
Hyper-V role detected

CPU: total 8 (initial active 8) (4 cores per cpu, 2 threads per core) family 6 model 142 stepping 12 microcode 0xde, cx8, cmov, fxsr, ht, mmx, 3dnowpref, sse, sse2, sse3, ssse3, sse4.1, sse4.2, popcnt, lzcnt, tsc, tscinvbit, avx, avx2, aes, erms, clmul, bmi1, bmi2, adx, fma, vzeroupper, clflush, clflushopt, hv

Memory: 4k page, system-wide physical 8037M (632M free)
TotalPageFile size 19832M (AvailPageFile size 2734M)
current process WorkingSet (physical memory assigned to process): 160M, peak: 160M
current process commit charge ("private bytes"): 285M, peak: 285M

vm_info: Java HotSpot(TM) 64-Bit Server VM (16.0.2+7-67) for windows-amd64 JRE (16.0.2+7-67), built on Jun  8 2021 23:24:19 by "mach5one" with MS VC++ 16.7 (VS2019)

END.
